<?xml version="1.0" encoding="UTF-8"?>
<!-- Generated by org.testng.reporters.JUnitReportReporter -->
<testsuite hostname="HIYALAPTOP" failures="0" tests="3" name="automation.TestCases" time="90.173" errors="0" timestamp="2025-01-26T10:28:09 IST" skipped="0">
  <testcase classname="automation.TestCases" name="Login" time="0.025"/>
  <system-out/>
  <testcase classname="automation.TestCases" name="AgentCreation" time="65.683"/>
  <system-out/>
  <testcase classname="automation.TestCases" name="CallListPowerImport" time="24.465"/>
  <system-out/>
</testsuite> <!-- automation.TestCases -->
